<?xml version="1.0" encoding="UTF-8"?>
<!-- Generated by org.testng.reporters.JUnitReportReporter -->
<testsuite hostname="admins-MBP" failures="0" tests="4" name="com.Olympics.OlympicsRunner" time="8.386" errors="0" timestamp="03 Jul 2018 16:12:51 GMT" skipped="1">
  <testcase classname="com.Olympics.OlympicsRunner" name="verifySortedByCountry" time="0.794"/>
  <testcase classname="com.Olympics.OlympicsRunner" name="verifyNotSortedByRank" time="5.296"/>
  <testcase classname="com.Olympics.OlympicsRunner" name="testMethodsByMedals" time="2.296"/>
  <testcase classname="com.Olympics.OlympicsRunner" name="verifySortedByRank">
    <skipped/>
  </testcase> <!-- verifySortedByRank -->
</testsuite> <!-- com.Olympics.OlympicsRunner -->
